<?xml version="1.0" encoding="UTF-8"?>
<testng-results skipped="0" failed="0" ignored="0" total="1" passed="1">
  <reporter-output>
  </reporter-output>
  <suite name="Default suite" duration-ms="11082" started-at="2020-06-26T13:25:33 IST" finished-at="2020-06-26T13:25:44 IST">
    <groups>
    </groups>
    <test name="Default test" duration-ms="11082" started-at="2020-06-26T13:25:33 IST" finished-at="2020-06-26T13:25:44 IST">
      <class name="OrangeHRMPkg.BrowserLaunchScript">
        <test-method status="PASS" signature="launchBrowser()[pri:0, instance:OrangeHRMPkg.BrowserLaunchScript@67205a84]" name="launchBrowser" duration-ms="11006" started-at="2020-06-26T13:25:33 IST" finished-at="2020-06-26T13:25:44 IST">
          <reporter-output>
          </reporter-output>
        </test-method> <!-- launchBrowser -->
      </class> <!-- OrangeHRMPkg.BrowserLaunchScript -->
    </test> <!-- Default test -->
  </suite> <!-- Default suite -->
</testng-results>
